<?xml version="1.0" encoding="UTF-8"?>
<testsuite xmlns:xsi="http://www.w3.org/2001/XMLSchema-instance" xsi:noNamespaceSchemaLocation="https://maven.apache.org/surefire/maven-surefire-plugin/xsd/surefire-test-report.xsd" name="TestSuite" time="131.043" tests="15" errors="0" skipped="13" failures="2">
  <properties>
[...]
</properties>
  <testcase name="openBrowser" classname="com.selenium.test.flights.FlightsTest" time="120.134">
    <failure message="Process unexpectedly closed with status: 0&#10;Build info: version: &apos;3.8.1&apos;, revision: &apos;6e95a6684b&apos;, time: &apos;2017-12-01T18:33:54.468Z&apos;&#10;System info: host: &apos;VAIO&apos;, ip: &apos;192.168.0.106&apos;, os.name: &apos;Windows 10&apos;, os.arch: &apos;amd64&apos;, os.version: &apos;10.0&apos;, java.version: &apos;1.8.0_102&apos;&#10;Driver info: driver.version: FirefoxDriver&#10;remote stacktrace: stack backtrace:&#10;   0:           0x47e934 - &lt;no info&gt;&#10;   1:           0x47f0a3 - &lt;no info&gt;&#10;   2:           0x442649 - &lt;no info&gt;&#10;   3:           0x449cc3 - &lt;no info&gt;&#10;   4:           0x42a890 - &lt;no info&gt;&#10;   5:           0x406f5e - &lt;no info&gt;&#10;   6:           0x40cfc9 - &lt;no info&gt;&#10;   7:           0x6bef19 - &lt;no info&gt;&#10;   8:           0x420756 - &lt;no info&gt;&#10;   9:           0x6b96e0 - &lt;no info&gt;&#10;  10:     0x7ffad45a1fe4 - BaseThreadInitThunk" type="org.openqa.selenium.WebDriverException"><![CDATA[org.openqa.selenium.WebDriverException: 
Process unexpectedly closed with status: 0
Build info: version: '3.8.1', revision: '6e95a6684b', time: '2017-12-01T18:33:54.468Z'
System info: host: 'VAIO', ip: '192.168.0.106', os.name: 'Windows 10', os.arch: 'amd64', os.version: '10.0', java.version: '1.8.0_102'
Driver info: driver.version: FirefoxDriver
remote stacktrace: stack backtrace:
   0:           0x47e934 - <no info>
   1:           0x47f0a3 - <no info>
   2:           0x442649 - <no info>
   3:           0x449cc3 - <no info>
   4:           0x42a890 - <no info>
   5:           0x406f5e - <no info>
   6:           0x40cfc9 - <no info>
   7:           0x6bef19 - <no info>
   8:           0x420756 - <no info>
   9:           0x6b96e0 - <no info>
  10:     0x7ffad45a1fe4 - BaseThreadInitThunk
	at com.selenium.test.flights.FlightsTest.openBrowser(FlightsTest.java:24)
]]></failure>
    <system-err><![CDATA[1525076579155	geckodriver	INFO	geckodriver 0.19.1
1525076579282	geckodriver	INFO	Listening on 127.0.0.1:10174
1525076585457	mozrunner::runner	INFO	Running command: "C:\\Program Files (x86)\\Mozilla Firefox\\firefox.exe" "-marionette" "-profile" "C:\\Users\\sony\\AppData\\Local\\Temp\\rust_mozprofile.KfQYZc3B17E8"
1525076604288	Marionette	INFO	Enabled via --marionette

###!!! [Parent][RunMessage] Error: Channel error: cannot send/recv


###!!! [Parent][RunMessage] Error: Channel error: cannot send/recv


###!!! [Parent][RunMessage] Error: Channel error: cannot send/recv


###!!! [Parent][MessageChannel] Error: (msgtype=0x2C0060,name=PContent::Msg_SuspendInputEventQueue) Channel error: cannot send/recv


###!!! [Parent][MessageChannel] Error: (msgtype=0x2C005E,name=PContent::Msg_FlushInputEventQueue) Channel error: cannot send/recv


###!!! [Parent][MessageChannel] Error: (msgtype=0x2C005F,name=PContent::Msg_ResumeInputEventQueue) Channel error: cannot send/recv


###!!! [Parent][MessageChannel] Error: (msgtype=0x2C0040,name=PContent::Msg_Shutdown) Channel error: cannot send/recv

A content process crashed and MOZ_CRASHREPORTER_SHUTDOWN is set, shutting down
[Parent 10064, Gecko_IOThread] WARNING: pipe error: 109: file z:/build/build/src/ipc/chromium/src/chrome/common/ipc_channel_win.cc, line 346
[Child 10272, Chrome_ChildThread] WARNING: pipe error: 1
###!!! [Parent][MessageChannel] Error: (msgtype=0x15008D,name=PBrowser::Msg_UpdateNativeWindowHandle) Closed channel: cannot send/recv

09: file
###!!! [Parent][MessageChannel] Error: (msgtype=0x150080,name=PBrowser::Msg_Destroy) Closed channel: cannot send/recv

 z:/build/build/src/ipc/chromium/src/chrome/common/ipc_channel_win.cc, line 346

###!!! [Child][MessageChannel] Error: (msgtype=0x51002E,name=PNecko::Msg_GetExtensionFD) Channel closing: too late to send/recv, messages will be lost


###!!! [Child][MessageChannel] Error: (msgtype=0x51002E,name=PNecko::Msg_GetExtensionFD) Channel closing: too late to send/recv, messages will be lost


###!!! [Child][MessageChannel] Error: (msgtype=0x6B0001,name=PScriptCache::Msg___delete__) Channel closing: too late to send/recv, messages will be lost


###!!! [Child][MessageChannel] Error: (msgtype=0x150004,name=PBrowser::Msg_PDocAccessibleConstructor) Channel closing: too late to send/recv, messages will be lost

IPDL protocol error: constructor for actor failed
*** UTM:SVC TimerManager:registerTimer called after profile-before-change notification. Ignoring timer registration for id: telemetry_modules_ping

###!!! [Child][MessageChannel::SendAndWait] Error: Channel error: cannot send/recv

]]></system-err>
  </testcase>
  <testcase name="openBrowser" classname="com.selenium.test.flights.FlightsTest" time="0">
    <skipped/>
  </testcase>
  <testcase name="openBrowser" classname="com.selenium.test.flights.FlightsTest" time="0">
    <skipped/>
  </testcase>
  <testcase name="searchFlights" classname="com.selenium.test.flights.FlightsTest" time="0">
    <skipped message="Process unexpectedly closed with status: 0&#10;Build info: version: &apos;3.8.1&apos;, revision: &apos;6e95a6684b&apos;, time: &apos;2017-12-01T18:33:54.468Z&apos;&#10;System info: host: &apos;VAIO&apos;, ip: &apos;192.168.0.106&apos;, os.name: &apos;Windows 10&apos;, os.arch: &apos;amd64&apos;, os.version: &apos;10.0&apos;, java.version: &apos;1.8.0_102&apos;&#10;Driver info: driver.version: FirefoxDriver&#10;remote stacktrace: stack backtrace:&#10;   0:           0x47e934 - &lt;no info&gt;&#10;   1:           0x47f0a3 - &lt;no info&gt;&#10;   2:           0x442649 - &lt;no info&gt;&#10;   3:           0x449cc3 - &lt;no info&gt;&#10;   4:           0x42a890 - &lt;no info&gt;&#10;   5:           0x406f5e - &lt;no info&gt;&#10;   6:           0x40cfc9 - &lt;no info&gt;&#10;   7:           0x6bef19 - &lt;no info&gt;&#10;   8:           0x420756 - &lt;no info&gt;&#10;   9:           0x6b96e0 - &lt;no info&gt;&#10;  10:     0x7ffad45a1fe4 - BaseThreadInitThunk"/>
  </testcase>
  <testcase name="closeBrowser" classname="com.selenium.test.flights.FlightsTest" time="0">
    <skipped/>
  </testcase>
  <testcase name="closeBrowser" classname="com.selenium.test.flights.FlightsTest" time="0">
    <skipped/>
  </testcase>
  <testcase name="closeBrowser" classname="com.selenium.test.flights.FlightsTest" time="0">
    <skipped/>
  </testcase>
  <testcase name="testFlightsThree" classname="com.selenium.test.flights.FlightsTest" time="0">
    <skipped message="Process unexpectedly closed with status: 0&#10;Build info: version: &apos;3.8.1&apos;, revision: &apos;6e95a6684b&apos;, time: &apos;2017-12-01T18:33:54.468Z&apos;&#10;System info: host: &apos;VAIO&apos;, ip: &apos;192.168.0.106&apos;, os.name: &apos;Windows 10&apos;, os.arch: &apos;amd64&apos;, os.version: &apos;10.0&apos;, java.version: &apos;1.8.0_102&apos;&#10;Driver info: driver.version: FirefoxDriver&#10;remote stacktrace: stack backtrace:&#10;   0:           0x47e934 - &lt;no info&gt;&#10;   1:           0x47f0a3 - &lt;no info&gt;&#10;   2:           0x442649 - &lt;no info&gt;&#10;   3:           0x449cc3 - &lt;no info&gt;&#10;   4:           0x42a890 - &lt;no info&gt;&#10;   5:           0x406f5e - &lt;no info&gt;&#10;   6:           0x40cfc9 - &lt;no info&gt;&#10;   7:           0x6bef19 - &lt;no info&gt;&#10;   8:           0x420756 - &lt;no info&gt;&#10;   9:           0x6b96e0 - &lt;no info&gt;&#10;  10:     0x7ffad45a1fe4 - BaseThreadInitThunk"/>
  </testcase>
  <testcase name="testFlightsTwo" classname="com.selenium.test.flights.FlightsTest" time="0">
    <skipped message="Process unexpectedly closed with status: 0&#10;Build info: version: &apos;3.8.1&apos;, revision: &apos;6e95a6684b&apos;, time: &apos;2017-12-01T18:33:54.468Z&apos;&#10;System info: host: &apos;VAIO&apos;, ip: &apos;192.168.0.106&apos;, os.name: &apos;Windows 10&apos;, os.arch: &apos;amd64&apos;, os.version: &apos;10.0&apos;, java.version: &apos;1.8.0_102&apos;&#10;Driver info: driver.version: FirefoxDriver&#10;remote stacktrace: stack backtrace:&#10;   0:           0x47e934 - &lt;no info&gt;&#10;   1:           0x47f0a3 - &lt;no info&gt;&#10;   2:           0x442649 - &lt;no info&gt;&#10;   3:           0x449cc3 - &lt;no info&gt;&#10;   4:           0x42a890 - &lt;no info&gt;&#10;   5:           0x406f5e - &lt;no info&gt;&#10;   6:           0x40cfc9 - &lt;no info&gt;&#10;   7:           0x6bef19 - &lt;no info&gt;&#10;   8:           0x420756 - &lt;no info&gt;&#10;   9:           0x6b96e0 - &lt;no info&gt;&#10;  10:     0x7ffad45a1fe4 - BaseThreadInitThunk"/>
  </testcase>
  <testcase name="openBrowser" classname="com.selenium.test.hotels.HotelsTest" time="120.134">
    <failure message="&#10;Parameter &apos;url&apos; is required by BeforeMethod on method openBrowser but has not been marked @Optional or defined&#10;" type="org.testng.TestNGException">org.testng.TestNGException: 

Parameter 'url' is required by BeforeMethod on method openBrowser but has not been marked @Optional or defined

</failure>
  </testcase>
  <testcase name="openBrowser" classname="com.selenium.test.hotels.HotelsTest" time="0">
    <skipped/>
  </testcase>
  <testcase name="searchHotels" classname="com.selenium.test.hotels.HotelsTest" time="0">
    <skipped message="&#10;Parameter &apos;url&apos; is required by BeforeMethod on method openBrowser but has not been marked @Optional or defined&#10;"/>
  </testcase>
  <testcase name="closeBrowser" classname="com.selenium.test.hotels.HotelsTest" time="0">
    <skipped/>
  </testcase>
  <testcase name="closeBrowser" classname="com.selenium.test.hotels.HotelsTest" time="0">
    <skipped/>
  </testcase>
  <testcase name="selectResultFilters" classname="com.selenium.test.hotels.HotelsTest" time="0">
    <skipped message="&#10;Parameter &apos;url&apos; is required by BeforeMethod on method openBrowser but has not been marked @Optional or defined&#10;"/>
  </testcase>
</testsuite>